2023-04-10T10:46:52+00:00 DEBUG Tt4b_Pixel_Class::inject_view_content_event: hit injectViewContentEvent
2023-04-10T10:46:52+00:00 DEBUG Tt4b_Pixel_Class::inject_view_content_event: Missing option "access_token"
2023-04-10T10:46:56+00:00 DEBUG tt4b_product_delete: missing access token for tt4b_product_sync
2023-04-10T10:46:56+00:00 DEBUG tt4b_product_delete: missing access token for tt4b_product_sync
2023-04-10T10:46:57+00:00 DEBUG tt4b_product_delete: missing access token for tt4b_product_sync
2023-04-10T10:46:57+00:00 DEBUG tt4b_product_delete: missing access token for tt4b_product_sync
2023-04-10T10:46:57+00:00 DEBUG tt4b_product_delete: missing access token for tt4b_product_sync
2023-04-10T11:04:35+00:00 DEBUG Tt4b_Pixel_Class::inject_add_to_cart_event: hit injectAddToCartEvent
2023-04-10T11:04:35+00:00 DEBUG Tt4b_Pixel_Class::inject_add_to_cart_event: Missing option "access_token"
2023-04-10T11:04:50+00:00 DEBUG Tt4b_Pixel_Class::inject_start_checkout: hit injectStartCheckout
2023-04-10T11:04:50+00:00 DEBUG Tt4b_Pixel_Class::inject_start_checkout: Missing option "access_token"
2023-04-10T11:10:24+00:00 DEBUG Tt4b_Pixel_Class::inject_start_checkout: hit injectStartCheckout
2023-04-10T11:10:24+00:00 DEBUG Tt4b_Pixel_Class::inject_start_checkout: Missing option "access_token"
2023-04-10T11:13:03+00:00 DEBUG Tt4b_Pixel_Class::inject_start_checkout: hit injectStartCheckout
2023-04-10T11:13:03+00:00 DEBUG Tt4b_Pixel_Class::inject_start_checkout: Missing option "access_token"
2023-04-10T11:13:15+00:00 DEBUG Tt4b_Pixel_Class::inject_start_checkout: hit injectStartCheckout
2023-04-10T11:13:15+00:00 DEBUG Tt4b_Pixel_Class::inject_start_checkout: Missing option "access_token"
2023-04-10T11:39:59+00:00 DEBUG tt4b_product_delete: missing access token for tt4b_product_sync
2023-04-10T11:39:59+00:00 DEBUG tt4b_product_delete: missing access token for tt4b_product_sync
2023-04-10T11:39:59+00:00 DEBUG tt4b_product_delete: missing access token for tt4b_product_sync
2023-04-10T11:39:59+00:00 DEBUG tt4b_product_delete: missing access token for tt4b_product_sync
2023-04-10T11:39:59+00:00 DEBUG tt4b_product_delete: missing access token for tt4b_product_sync
2023-04-10T11:39:59+00:00 DEBUG tt4b_product_delete: missing access token for tt4b_product_sync
2023-04-10T11:39:59+00:00 DEBUG tt4b_product_delete: missing access token for tt4b_product_sync
2023-04-10T11:39:59+00:00 DEBUG tt4b_product_delete: missing access token for tt4b_product_sync
2023-04-10T11:39:59+00:00 DEBUG tt4b_product_delete: missing access token for tt4b_product_sync
2023-04-10T11:40:00+00:00 DEBUG tt4b_product_delete: missing access token for tt4b_product_sync
2023-04-10T11:40:00+00:00 DEBUG tt4b_product_delete: missing access token for tt4b_product_sync
2023-04-10T11:40:00+00:00 DEBUG tt4b_product_delete: missing access token for tt4b_product_sync
2023-04-10T11:40:11+00:00 DEBUG tt4b_product_sync: missing access token for tt4b_product_sync
2023-04-10T11:48:23+00:00 DEBUG tt4b_product_sync: missing access token for tt4b_product_sync
2023-04-10T11:48:23+00:00 DEBUG tt4b_product_sync: missing access token for tt4b_product_sync
2023-04-10T11:48:23+00:00 DEBUG tt4b_product_sync: missing access token for tt4b_product_sync
2023-04-10T11:48:24+00:00 DEBUG tt4b_product_sync: missing access token for tt4b_product_sync
2023-04-10T11:48:24+00:00 DEBUG tt4b_product_sync: missing access token for tt4b_product_sync
2023-04-10T11:48:24+00:00 DEBUG tt4b_product_sync: missing access token for tt4b_product_sync
2023-04-10T11:48:24+00:00 DEBUG tt4b_product_sync: missing access token for tt4b_product_sync
2023-04-10T11:48:24+00:00 DEBUG tt4b_product_sync: missing access token for tt4b_product_sync
2023-04-10T11:48:24+00:00 DEBUG tt4b_product_sync: missing access token for tt4b_product_sync
2023-04-10T11:48:24+00:00 DEBUG tt4b_product_sync: missing access token for tt4b_product_sync
2023-04-10T11:50:21+00:00 DEBUG tt4b_product_sync: missing access token for tt4b_product_sync
2023-04-10T11:51:10+00:00 DEBUG tt4b_product_sync: missing access token for tt4b_product_sync
2023-04-10T11:52:02+00:00 DEBUG tt4b_product_sync: missing access token for tt4b_product_sync
2023-04-10T11:52:34+00:00 DEBUG tt4b_product_sync: missing access token for tt4b_product_sync
2023-04-10T11:52:37+00:00 DEBUG Tt4b_Pixel_Class::inject_view_content_event: hit injectViewContentEvent
2023-04-10T11:52:37+00:00 DEBUG Tt4b_Pixel_Class::inject_view_content_event: Missing option "access_token"
2023-04-10T11:52:49+00:00 DEBUG tt4b_product_sync: missing access token for tt4b_product_sync
2023-04-10T11:53:18+00:00 DEBUG tt4b_product_sync: missing access token for tt4b_product_sync
2023-04-10T11:54:04+00:00 DEBUG tt4b_product_sync: missing access token for tt4b_product_sync
2023-04-10T11:54:27+00:00 DEBUG tt4b_product_sync: missing access token for tt4b_product_sync
2023-04-10T11:54:41+00:00 DEBUG tt4b_product_sync: missing access token for tt4b_product_sync
2023-04-10T11:55:07+00:00 DEBUG tt4b_product_sync: missing access token for tt4b_product_sync
2023-04-10T11:55:36+00:00 DEBUG tt4b_product_sync: missing access token for tt4b_product_sync
2023-04-10T11:56:13+00:00 DEBUG tt4b_product_sync: missing access token for tt4b_product_sync
2023-04-10T11:56:37+00:00 DEBUG tt4b_product_sync: missing access token for tt4b_product_sync
2023-04-10T11:56:58+00:00 DEBUG tt4b_product_sync: missing access token for tt4b_product_sync
2023-04-10T11:57:10+00:00 DEBUG tt4b_product_sync: missing access token for tt4b_product_sync
2023-04-10T11:58:05+00:00 DEBUG tt4b_product_sync: missing access token for tt4b_product_sync
2023-04-10T11:58:19+00:00 DEBUG tt4b_product_sync: missing access token for tt4b_product_sync
2023-04-10T11:59:30+00:00 DEBUG tt4b_product_sync: missing access token for tt4b_product_sync
2023-04-10T12:00:06+00:00 DEBUG tt4b_product_sync: missing access token for tt4b_product_sync
2023-04-10T12:00:15+00:00 DEBUG tt4b_product_sync: missing access token for tt4b_product_sync
2023-04-10T12:00:27+00:00 DEBUG tt4b_product_sync: missing access token for tt4b_product_sync
2023-04-10T12:01:22+00:00 DEBUG tt4b_product_sync: missing access token for tt4b_product_sync
2023-04-10T12:01:42+00:00 DEBUG tt4b_product_sync: missing access token for tt4b_product_sync
2023-04-10T12:01:53+00:00 DEBUG tt4b_product_sync: missing access token for tt4b_product_sync
2023-04-10T12:02:30+00:00 DEBUG tt4b_product_sync: missing access token for tt4b_product_sync
2023-04-10T12:02:40+00:00 DEBUG tt4b_product_sync: missing access token for tt4b_product_sync
2023-04-10T12:03:11+00:00 DEBUG tt4b_product_sync: missing access token for tt4b_product_sync
2023-04-10T12:03:11+00:00 DEBUG tt4b_product_delete: missing access token for tt4b_product_sync
2023-04-10T12:03:28+00:00 DEBUG tt4b_product_sync: missing access token for tt4b_product_sync
2023-04-10T12:04:12+00:00 DEBUG tt4b_product_sync: missing access token for tt4b_product_sync
2023-04-10T12:04:27+00:00 DEBUG tt4b_product_sync: missing access token for tt4b_product_sync
2023-04-10T12:04:47+00:00 DEBUG Tt4b_Pixel_Class::inject_view_content_event: hit injectViewContentEvent
2023-04-10T12:04:47+00:00 DEBUG Tt4b_Pixel_Class::inject_view_content_event: Missing option "access_token"
2023-04-10T12:05:09+00:00 DEBUG Tt4b_Pixel_Class::inject_add_to_cart_event: hit injectAddToCartEvent
2023-04-10T12:05:09+00:00 DEBUG Tt4b_Pixel_Class::inject_add_to_cart_event: Missing option "access_token"
2023-04-10T12:05:10+00:00 DEBUG Tt4b_Pixel_Class::inject_view_content_event: hit injectViewContentEvent
2023-04-10T12:05:10+00:00 DEBUG Tt4b_Pixel_Class::inject_view_content_event: Missing option "access_token"
2023-04-10T12:08:34+00:00 DEBUG Tt4b_Pixel_Class::inject_add_to_cart_event: hit injectAddToCartEvent
2023-04-10T12:08:34+00:00 DEBUG Tt4b_Pixel_Class::inject_add_to_cart_event: Missing option "access_token"
2023-04-10T12:10:08+00:00 DEBUG Tt4b_Pixel_Class::inject_add_to_cart_event: hit injectAddToCartEvent
2023-04-10T12:10:08+00:00 DEBUG Tt4b_Pixel_Class::inject_add_to_cart_event: Missing option "access_token"
